<?xml version="1.0" encoding="UTF-8"?>
<!-- Generated by org.testng.reporters.JUnitReportReporter -->
<testsuite skipped="0" hostname="DESKTOP-EIQTPOQ" name="com.testCases.phptravels.AddItemToBasket" tests="6" failures="0" timestamp="10 Sep 2019 06:54:42 GMT" time="13.911" errors="0">
  <testcase name="landingPage" time="6.474" classname="com.testCases.phptravels.AddItemToBasket"/>
  <testcase name="landingPage" time="6.150" classname="com.testCases.phptravels.AddItemToBasket"/>
  <testcase name="productSearch" time="0.075" classname="com.testCases.phptravels.AddItemToBasket"/>
  <testcase name="productSearch" time="0.103" classname="com.testCases.phptravels.AddItemToBasket"/>
  <testcase name="addItemToBasket" time="0.479" classname="com.testCases.phptravels.AddItemToBasket"/>
  <testcase name="addItemToBasket" time="0.630" classname="com.testCases.phptravels.AddItemToBasket"/>
</testsuite> <!-- com.testCases.phptravels.AddItemToBasket -->
