<?xml version="1.0" encoding="UTF-8"?>
<!-- Generated by org.testng.reporters.JUnitReportReporter -->
<testsuite skipped="0" hostname="DESKTOP-EIQTPOQ" name="com.testCases.phptravels.DocumentTest" tests="1" failures="0" timestamp="09 Sep 2019 12:27:53 GMT" time="8.684" errors="0">
  <testcase name="landingPage" time="8.684" classname="com.testCases.phptravels.DocumentTest"/>
</testsuite> <!-- com.testCases.phptravels.DocumentTest -->
