<?xml version="1.0" encoding="UTF-8"?>
<!-- Generated by org.testng.reporters.JUnitReportReporter -->
<testsuite skipped="2" hostname="DESKTOP-EIQTPOQ" name="com.testCases.phptravels.AddItemToBasketTest" tests="8" failures="0" timestamp="10 Sep 2019 18:39:03 GMT" time="21.952" errors="0">
  <testcase name="landingPage" time="11.060" classname="com.testCases.phptravels.AddItemToBasketTest"/>
  <testcase name="landingPage" time="9.270" classname="com.testCases.phptravels.AddItemToBasketTest"/>
  <testcase name="productSearch" time="0.074" classname="com.testCases.phptravels.AddItemToBasketTest"/>
  <testcase name="productSearch" time="0.199" classname="com.testCases.phptravels.AddItemToBasketTest"/>
  <testcase name="addItemToBasket" time="0.768" classname="com.testCases.phptravels.AddItemToBasketTest"/>
  <testcase name="addItemToBasket" time="0.581" classname="com.testCases.phptravels.AddItemToBasketTest"/>
  <testcase name="closeWindow" classname="com.testCases.phptravels.AddItemToBasketTest">
    <skipped/>
  </testcase> <!-- closeWindow -->
  <testcase name="closeWindow" classname="com.testCases.phptravels.AddItemToBasketTest">
    <skipped/>
  </testcase> <!-- closeWindow -->
</testsuite> <!-- com.testCases.phptravels.AddItemToBasketTest -->
