<?xml version="1.0" encoding="UTF-8"?>
<!-- Generated by org.testng.reporters.JUnitReportReporter -->
<testsuite skipped="0" hostname="DESKTOP-EIQTPOQ" name="com.testCases.phptravels.TestClass1" tests="10" failures="0" timestamp="09 Sep 2019 19:57:58 GMT" time="0.039" errors="0">
  <testcase name="test2" time="0.003" classname="com.testCases.phptravels.TestClass1"/>
  <testcase name="test1" time="0.004" classname="com.testCases.phptravels.TestClass1"/>
  <testcase name="test1" time="0.002" classname="com.testCases.phptravels.TestClass1"/>
  <testcase name="test2" time="0.003" classname="com.testCases.phptravels.TestClass1"/>
  <testcase name="test1" time="0.002" classname="com.testCases.phptravels.TestClass1"/>
  <testcase name="test2" time="0.002" classname="com.testCases.phptravels.TestClass1"/>
  <testcase name="test2" time="0.004" classname="com.testCases.phptravels.TestClass1"/>
  <testcase name="test2" time="0.002" classname="com.testCases.phptravels.TestClass1"/>
  <testcase name="test1" time="0.014" classname="com.testCases.phptravels.TestClass1"/>
  <testcase name="test1" time="0.003" classname="com.testCases.phptravels.TestClass1"/>
</testsuite> <!-- com.testCases.phptravels.TestClass1 -->
